<?xml version="1.0" encoding="UTF-8"?>
<!-- Generated by org.testng.reporters.JUnitXMLReporter -->
<testsuite ignored="0" hostname="baskar-9507" failures="0" tests="4" name="Default test" time="0.058" errors="0" timestamp="2023-05-05T18:07:34 IST">
  <testcase classname="FlightTicketAppTest.DiscountCodeTests" name="TestEmpty" time="0.009"/>
  <testcase classname="FlightTicketAppTest.DiscountCodeTests" name="TestLowerCase" time="0.001"/>
  <testcase classname="FlightTicketAppTest.DiscountCodeTests" name="TestOtherCharacters" time="0.002"/>
  <testcase classname="FlightTicketAppTest.DiscountCodeTests" name="TestValidDiscountCode" time="0.002"/>
</testsuite> <!-- Default test -->
