<?xml version="1.0" encoding="UTF-8"?>
<testng-results ignored="0" total="4" passed="4" failed="0" skipped="0">
  <reporter-output>
  </reporter-output>
  <suite started-at="2023-05-05T18:07:33 IST" name="Default suite" finished-at="2023-05-05T18:07:34 IST" duration-ms="58">
    <groups>
    </groups>
    <test started-at="2023-05-05T18:07:33 IST" name="Default test" finished-at="2023-05-05T18:07:34 IST" duration-ms="58">
      <class name="FlightTicketAppTest.DiscountCodeTests">
        <test-method signature="TestEmpty()[pri:0, instance:FlightTicketAppTest.DiscountCodeTests@659a969b]" started-at="2023-05-05T18:07:34 IST" name="TestEmpty" finished-at="2023-05-05T18:07:34 IST" duration-ms="9" status="PASS">
          <reporter-output>
          </reporter-output>
        </test-method> <!-- TestEmpty -->
        <test-method signature="TestLowerCase()[pri:0, instance:FlightTicketAppTest.DiscountCodeTests@659a969b]" started-at="2023-05-05T18:07:34 IST" name="TestLowerCase" finished-at="2023-05-05T18:07:34 IST" duration-ms="1" status="PASS">
          <reporter-output>
          </reporter-output>
        </test-method> <!-- TestLowerCase -->
        <test-method signature="TestOtherCharacters()[pri:0, instance:FlightTicketAppTest.DiscountCodeTests@659a969b]" started-at="2023-05-05T18:07:34 IST" name="TestOtherCharacters" finished-at="2023-05-05T18:07:34 IST" duration-ms="2" status="PASS">
          <reporter-output>
          </reporter-output>
        </test-method> <!-- TestOtherCharacters -->
        <test-method signature="TestValidDiscountCode()[pri:0, instance:FlightTicketAppTest.DiscountCodeTests@659a969b]" started-at="2023-05-05T18:07:34 IST" name="TestValidDiscountCode" finished-at="2023-05-05T18:07:34 IST" duration-ms="2" status="PASS">
          <reporter-output>
          </reporter-output>
        </test-method> <!-- TestValidDiscountCode -->
      </class> <!-- FlightTicketAppTest.DiscountCodeTests -->
    </test> <!-- Default test -->
  </suite> <!-- Default suite -->
</testng-results>
